2025-11-28 22:08:22,433 - INFO - 图片保存目录: /Users/ronggang/code/funcode/cp2026/images
2025-11-28 22:08:22,433 - INFO - 开始爬取 16 个页面...
2025-11-28 22:08:22,433 - INFO - 
[1/16] 处理页面: https://2025.igem.wiki/jlu-cp/
2025-11-28 22:08:22,433 - INFO - 正在加载页面: https://2025.igem.wiki/jlu-cp/
2025-11-28 22:08:53,972 - ERROR - 页面加载超时: https://2025.igem.wiki/jlu-cp/
2025-11-28 22:08:53,994 - ERROR - 处理页面 https://2025.igem.wiki/jlu-cp/ 失败: Page.goto: Timeout 30000ms exceeded.
Call log:
  - navigating to "https://2025.igem.wiki/jlu-cp/", waiting until "networkidle"

2025-11-28 22:08:53,994 - INFO - 
[2/16] 处理页面: https://2025.igem.wiki/jlu-cp/description
2025-11-28 22:08:53,994 - INFO - 正在加载页面: https://2025.igem.wiki/jlu-cp/description
2025-11-28 22:09:17,352 - INFO - ✓ 成功加载页面 (HTML长度: 16062 字符)
2025-11-28 22:09:17,382 - INFO - 找到 3 个图片容器
2025-11-28 22:09:18,291 - INFO - ✓ 提取图片 1: College of Computer Science and Technology...
2025-11-28 22:09:18,854 - INFO - ✓ 提取图片 2: College of Computer Science and Technology...
2025-11-28 22:09:49,272 - INFO - ✓ 提取图片 3: College of Computer Science and Technology...
2025-11-28 22:09:51,274 - INFO - 
[3/16] 处理页面: https://2025.igem.wiki/jlu-cp/design
2025-11-28 22:09:51,275 - INFO - 正在加载页面: https://2025.igem.wiki/jlu-cp/design
2025-11-28 22:10:21,516 - ERROR - 页面加载超时: https://2025.igem.wiki/jlu-cp/design
2025-11-28 22:10:21,546 - ERROR - 处理页面 https://2025.igem.wiki/jlu-cp/design 失败: Page.goto: Timeout 30000ms exceeded.
Call log:
  - navigating to "https://2025.igem.wiki/jlu-cp/design", waiting until "networkidle"

2025-11-28 22:10:21,546 - INFO - 
[4/16] 处理页面: https://2025.igem.wiki/jlu-cp/experiments
2025-11-28 22:10:21,546 - INFO - 正在加载页面: https://2025.igem.wiki/jlu-cp/experiments
2025-11-28 22:10:42,746 - INFO - ✓ 成功加载页面 (HTML长度: 83656 字符)
2025-11-28 22:10:42,805 - INFO - 找到 3 个图片容器
2025-11-28 22:10:43,784 - INFO - ✓ 提取图片 4: College of Computer Science and Technology...
2025-11-28 22:10:44,726 - INFO - ✓ 提取图片 5: College of Computer Science and Technology...
2025-11-28 22:10:45,529 - INFO - ✓ 提取图片 6: College of Computer Science and Technology...
2025-11-28 22:10:47,534 - INFO - 
[5/16] 处理页面: https://2025.igem.wiki/jlu-cp/results
2025-11-28 22:10:47,534 - INFO - 正在加载页面: https://2025.igem.wiki/jlu-cp/results
2025-11-28 22:11:17,848 - ERROR - 页面加载超时: https://2025.igem.wiki/jlu-cp/results
2025-11-28 22:11:17,880 - ERROR - 处理页面 https://2025.igem.wiki/jlu-cp/results 失败: Page.goto: Timeout 30000ms exceeded.
Call log:
  - navigating to "https://2025.igem.wiki/jlu-cp/results", waiting until "networkidle"

2025-11-28 22:11:17,880 - INFO - 
[6/16] 处理页面: https://2025.igem.wiki/jlu-cp/engineering
2025-11-28 22:11:17,880 - INFO - 正在加载页面: https://2025.igem.wiki/jlu-cp/engineering
2025-11-28 22:11:38,267 - INFO - ✓ 成功加载页面 (HTML长度: 42539 字符)
2025-11-28 22:11:38,292 - INFO - 找到 4 个图片容器
2025-11-28 22:11:43,296 - INFO - ✓ 提取图片 7: overview of pipeline...
2025-11-28 22:12:00,267 - INFO - ✓ 提取图片 8: Schematic diagram of the melatonin biosynthetic pathway...
2025-11-28 22:12:04,691 - INFO - ✓ 提取图片 9: Diagram of Bxb1/Bxb1-RDF Mediated CDS Flipping System...
2025-11-28 22:12:06,227 - INFO - ✓ 提取图片 10: Schematic diagram of the red-light-regulated switch...
2025-11-28 22:12:08,229 - INFO - 
[7/16] 处理页面: https://2025.igem.wiki/jlu-cp/notebook
2025-11-28 22:12:08,229 - INFO - 正在加载页面: https://2025.igem.wiki/jlu-cp/notebook
2025-11-28 22:12:31,763 - INFO - ✓ 成功加载页面 (HTML长度: 250859 字符)
2025-11-28 22:12:31,866 - INFO - 找到 3 个图片容器
2025-11-28 22:12:32,255 - INFO - ✓ 提取图片 11: College of Computer Science and Technology...
2025-11-28 22:12:32,678 - INFO - ✓ 提取图片 12: College of Computer Science and Technology...
2025-11-28 22:12:33,038 - INFO - ✓ 提取图片 13: College of Computer Science and Technology...
2025-11-28 22:12:35,039 - INFO - 
[8/16] 处理页面: https://2025.igem.wiki/jlu-cp/team
2025-11-28 22:12:35,040 - INFO - 正在加载页面: https://2025.igem.wiki/jlu-cp/team
2025-11-28 22:13:05,332 - ERROR - 页面加载超时: https://2025.igem.wiki/jlu-cp/team
2025-11-28 22:13:05,361 - ERROR - 处理页面 https://2025.igem.wiki/jlu-cp/team 失败: Page.goto: Timeout 30000ms exceeded.
Call log:
  - navigating to "https://2025.igem.wiki/jlu-cp/team", waiting until "networkidle"

2025-11-28 22:13:05,361 - INFO - 
[9/16] 处理页面: https://2025.igem.wiki/jlu-cp/attributions
2025-11-28 22:13:05,362 - INFO - 正在加载页面: https://2025.igem.wiki/jlu-cp/attributions
2025-11-28 22:13:35,645 - ERROR - 页面加载超时: https://2025.igem.wiki/jlu-cp/attributions
2025-11-28 22:13:35,666 - ERROR - 处理页面 https://2025.igem.wiki/jlu-cp/attributions 失败: Page.goto: Timeout 30000ms exceeded.
Call log:
  - navigating to "https://2025.igem.wiki/jlu-cp/attributions", waiting until "networkidle"

2025-11-28 22:13:35,666 - INFO - 
[10/16] 处理页面: https://2025.igem.wiki/jlu-cp/safety
2025-11-28 22:13:35,666 - INFO - 正在加载页面: https://2025.igem.wiki/jlu-cp/safety
2025-11-28 22:13:48,698 - INFO - ✓ 成功加载页面 (HTML长度: 8290 字符)
2025-11-28 22:13:48,729 - INFO - 找到 3 个图片容器
2025-11-28 22:14:19,155 - INFO - ✓ 提取图片 14: College of Computer Science and Technology...
2025-11-28 22:14:49,679 - INFO - ✓ 提取图片 15: College of Computer Science and Technology...
2025-11-28 22:14:50,110 - INFO - ✓ 提取图片 16: College of Computer Science and Technology...
2025-11-28 22:14:52,111 - INFO - 
[11/16] 处理页面: https://2025.igem.wiki/jlu-cp/human-practices
2025-11-28 22:14:52,111 - INFO - 正在加载页面: https://2025.igem.wiki/jlu-cp/human-practices
2025-11-28 22:15:09,823 - INFO - ✓ 成功加载页面 (HTML长度: 78172 字符)
2025-11-28 22:15:09,849 - INFO - 找到 17 个图片容器
2025-11-28 22:15:11,048 - INFO - ✓ 提取图片 17: DBTL cycle in human practices....
2025-11-28 22:15:12,020 - INFO - ✓ 提取图片 18: Mendelow's Matrix....
2025-11-28 22:15:13,010 - INFO - ✓ 提取图片 19: iEMOTIONS....
2025-11-28 22:15:14,263 - INFO - ✓ 提取图片 20: Associate Chief Physician Doctor Wenjing Xie (middle), Depar...
2025-11-28 22:15:15,459 - INFO - ✓ 提取图片 21: Dr. Wenjing Xie engaging in an in-depth discussion with one ...
2025-11-28 22:15:16,258 - INFO - ✓ 提取图片 22: PhD. Wen Kai (Right) from the College of Life Sciences, Jili...
2025-11-28 22:15:17,386 - INFO - ✓ 提取图片 23: Dr. Zhenjing Jin (middle), Director of the Department of Gas...
2025-11-28 22:15:18,346 - INFO - ✓ 提取图片 24: Dr. Zhenjing Jin engaging in an in-depth discussion with one...
2025-11-28 22:15:19,351 - INFO - ✓ 提取图片 25: Associate Professor Hui Li (middle), School of Public Health...
2025-11-28 22:15:20,179 - INFO - ✓ 提取图片 26: Professor Haiqing Ye discussing with our team members....
2025-11-28 22:15:21,440 - INFO - ✓ 提取图片 27: Ms.Hao Wu (right), Chief Operating Officer (COO) and Chief Q...
2025-11-28 22:15:22,597 - INFO - ✓ 提取图片 28: Doctor Yiyin Gao (middle), Resident Physician, Department of...
2025-11-28 22:15:23,478 - INFO - ✓ 提取图片 29: Dr. Yiyin Gao engaging in an in-depth discussion with one of...
2025-11-28 22:15:24,510 - INFO - ✓ 提取图片 30: Prof. Hongjia Ma (right), School of Business and Management,...
2025-11-28 22:15:25,453 - INFO - ✓ 提取图片 31: Stacked Bar Chart of Basic Information....
2025-11-28 22:15:26,586 - INFO - ✓ 提取图片 32: Runway Chart (Left: Types of Purchased Products; Right: Purc...
2025-11-28 22:15:27,434 - INFO - ✓ 提取图片 33: SHAP Value Beeswarm Plot....
2025-11-28 22:15:29,435 - INFO - 
[12/16] 处理页面: https://2025.igem.wiki/jlu-cp/contribution
2025-11-28 22:15:29,435 - INFO - 正在加载页面: https://2025.igem.wiki/jlu-cp/contribution
2025-11-28 22:15:48,249 - INFO - ✓ 成功加载页面 (HTML长度: 36546 字符)
2025-11-28 22:15:48,285 - INFO - 找到 8 个图片容器
2025-11-28 22:15:50,965 - INFO - ✓ 提取图片 34: Figure 1. Schematic diagram of the melatonin biosynthetic pa...
2025-11-28 22:15:52,569 - INFO - ✓ 提取图片 35: Figure 2.Construction and validation of melatonin synthesis ...
2025-11-28 22:15:53,601 - INFO - ✓ 提取图片 36: Figure 3. Schematic of the Computational Modeling Workflow...
2025-11-28 22:15:54,515 - INFO - ✓ 提取图片 37: Figure 4. Flowchart of the pharmacokinetic model for space a...
2025-11-28 22:15:55,238 - INFO - ✓ 提取图片 38: Figure 5. A.Relative catalytic activity of wild-type and mut...
2025-11-28 22:15:56,650 - INFO - ✓ 提取图片 39: Figure 6.Functional Diagram of the Acoustic System....
2025-11-28 22:15:57,770 - INFO - ✓ 提取图片 40: Figure 7. Interface or conceptual diagram of the iTutor mode...
2025-11-28 22:15:59,931 - INFO - ✓ 提取图片 41: Figure 8. A scene from our space-themed science popularizati...
2025-11-28 22:16:00,295 - INFO - 图片保存目录: /Users/ronggang/code/funcode/cp2026/images
2025-11-28 22:16:00,295 - INFO - 开始爬取 16 个页面...
2025-11-28 22:16:00,295 - INFO - 
[1/16] 处理页面: https://2025.igem.wiki/jlu-cp/
2025-11-28 22:16:00,295 - INFO - 正在加载页面: https://2025.igem.wiki/jlu-cp/
2025-11-28 22:16:01,936 - INFO - 
[13/16] 处理页面: https://2025.igem.wiki/jlu-cp/model
2025-11-28 22:16:01,936 - INFO - 正在加载页面: https://2025.igem.wiki/jlu-cp/model
2025-11-28 22:17:42,303 - INFO - 图片保存目录: /Users/ronggang/code/funcode/cp2026/images
2025-11-28 22:17:42,303 - INFO - 开始爬取 16 个页面...
2025-11-28 22:17:42,303 - INFO - 
[1/16] 处理页面: https://2025.igem.wiki/jlu-cp/
2025-11-28 22:17:42,303 - INFO - 正在加载页面: https://2025.igem.wiki/jlu-cp/
2025-11-28 22:18:02,167 - INFO - ✓ 成功加载页面 (HTML长度: 29479 字符)
2025-11-28 22:18:02,201 - INFO - 找到 16 个图片容器
2025-11-28 22:18:03,561 - INFO - ✓ 提取图片 1: intro...
2025-11-28 22:18:04,474 - INFO - ✓ 提取图片 2: intro...
2025-11-28 22:18:06,024 - INFO - ✓ 提取图片 3: intro...
2025-11-28 22:18:07,051 - INFO - ✓ 提取图片 4: intro...
2025-11-28 22:18:07,875 - INFO - ✓ 提取图片 5: intro...
2025-11-28 22:18:09,457 - INFO - ✓ 提取图片 6: intro...
2025-11-28 22:18:10,821 - INFO - ✓ 提取图片 7: Rotating graphic...
2025-11-28 22:18:11,712 - INFO - ✓ 提取图片 8: intro...
2025-11-28 22:18:12,218 - INFO - ✓ 提取图片 9: intro...
2025-11-28 22:18:13,082 - INFO - ✓ 提取图片 10: intro...
2025-11-28 22:18:14,782 - INFO - ✓ 提取图片 11: intro...
2025-11-28 22:18:15,717 - INFO - ✓ 提取图片 12: intro...
2025-11-28 22:18:17,263 - INFO - ✓ 提取图片 13: MODEL...
2025-11-28 22:18:17,969 - INFO - ✓ 提取图片 14: MODEL...
2025-11-28 22:18:18,365 - INFO - ✓ 提取图片 15: College of Computer Science and Technology...
2025-11-28 22:18:18,768 - INFO - ✓ 提取图片 16: College of Computer Science and Technology...
2025-11-28 22:18:20,769 - INFO - 
[2/16] 处理页面: https://2025.igem.wiki/jlu-cp/description
2025-11-28 22:18:20,769 - INFO - 正在加载页面: https://2025.igem.wiki/jlu-cp/description
2025-11-28 22:18:41,534 - INFO - ✓ 成功加载页面 (HTML长度: 16062 字符)
2025-11-28 22:18:41,566 - INFO - 找到 3 个图片容器
2025-11-28 22:18:42,132 - INFO - ✓ 提取图片 17: College of Computer Science and Technology...
2025-11-28 22:18:42,605 - INFO - ✓ 提取图片 18: College of Computer Science and Technology...
2025-11-28 22:18:43,050 - INFO - ✓ 提取图片 19: College of Computer Science and Technology...
2025-11-28 22:18:45,050 - INFO - 
[3/16] 处理页面: https://2025.igem.wiki/jlu-cp/design
2025-11-28 22:18:45,050 - INFO - 正在加载页面: https://2025.igem.wiki/jlu-cp/design
2025-11-28 23:24:30,471 - INFO - 图片保存目录: /Users/ronggang/code/funcode/cp2026/images
2025-11-28 23:24:30,471 - INFO - 开始爬取 16 个页面...
2025-11-28 23:24:30,471 - INFO - 
[1/16] 处理页面: https://2025.igem.wiki/jlu-cp/
2025-11-28 23:24:30,471 - INFO - 正在加载页面: https://2025.igem.wiki/jlu-cp/
2025-11-28 23:24:48,584 - INFO - ✓ 成功加载页面 (HTML长度: 29479 字符)
2025-11-28 23:24:48,626 - INFO - 找到 16 个图片容器
2025-11-28 23:25:19,564 - INFO - ✓ 提取图片 1: intro...
2025-11-28 23:25:20,888 - INFO - ✓ 提取图片 2: intro...
2025-11-28 23:25:22,787 - INFO - ✓ 提取图片 3: intro...
2025-11-28 23:25:24,275 - INFO - ✓ 提取图片 4: intro...
2025-11-28 23:25:25,967 - INFO - ✓ 提取图片 5: intro...
2025-11-28 23:25:28,381 - INFO - ✓ 提取图片 6: intro...
2025-11-28 23:25:29,628 - INFO - ✓ 提取图片 7: Rotating graphic...
2025-11-28 23:25:30,426 - INFO - ✓ 提取图片 8: intro...
2025-11-28 23:25:31,080 - INFO - ✓ 提取图片 9: intro...
2025-11-28 23:25:31,878 - INFO - ✓ 提取图片 10: intro...
2025-11-28 23:25:33,234 - INFO - ✓ 提取图片 11: intro...
2025-11-28 23:25:34,335 - INFO - ✓ 提取图片 12: intro...
2025-11-28 23:25:35,638 - INFO - ✓ 提取图片 13: MODEL...
2025-11-28 23:25:36,782 - INFO - ✓ 提取图片 14: MODEL...
2025-11-28 23:25:37,607 - INFO - ✓ 提取图片 15: College of Computer Science and Technology...
2025-11-28 23:25:38,289 - INFO - ✓ 提取图片 16: College of Computer Science and Technology...
2025-11-28 23:25:40,295 - INFO - 
[2/16] 处理页面: https://2025.igem.wiki/jlu-cp/description
2025-11-28 23:25:40,295 - INFO - 正在加载页面: https://2025.igem.wiki/jlu-cp/description
2025-11-28 23:26:06,425 - INFO - ✓ 成功加载页面 (HTML长度: 16062 字符)
2025-11-28 23:26:06,459 - INFO - 找到 3 个图片容器
2025-11-28 23:26:07,283 - INFO - ✓ 提取图片 17: College of Computer Science and Technology...
2025-11-28 23:26:09,028 - INFO - ✓ 提取图片 18: College of Computer Science and Technology...
2025-11-28 23:26:12,163 - INFO - ✓ 提取图片 19: College of Computer Science and Technology...
2025-11-28 23:26:14,168 - INFO - 
[3/16] 处理页面: https://2025.igem.wiki/jlu-cp/design
2025-11-28 23:26:14,169 - INFO - 正在加载页面: https://2025.igem.wiki/jlu-cp/design
2025-11-28 23:26:25,571 - INFO - ✓ 成功加载页面 (HTML长度: 33045 字符)
2025-11-28 23:26:25,598 - INFO - 找到 7 个图片容器
2025-11-28 23:26:26,515 - INFO - ✓ 提取图片 20: Figure 1. Schematic diagram of the melatonin biosynthetic pa...
2025-11-28 23:26:27,990 - INFO - ✓ 提取图片 21: Figure 2. Flowchart of the pharmacokinetic model for space a...
2025-11-28 23:26:28,586 - INFO - ✓ 提取图片 22: Figure 3. Schematic diagram of Bxb1/Bxb1-RDF system....
2025-11-28 23:26:35,923 - INFO - ✓ 提取图片 23: Figure 4. Schematic diagram of red-light control system....
2025-11-28 23:26:37,621 - INFO - ✓ 提取图片 24: Figure 5. Predicted dynamics of DNA flipping ratio and melat...
2025-11-28 23:26:38,465 - INFO - ✓ 提取图片 25: Figure 6. Schematic diagram of Kill Switch System. A. Hypoxi...
2025-11-28 23:26:43,378 - INFO - ✓ 提取图片 26: Figure 7. Pipeline of iGEM Expert Model...
2025-11-28 23:26:45,382 - INFO - 
[4/16] 处理页面: https://2025.igem.wiki/jlu-cp/experiments
2025-11-28 23:26:45,382 - INFO - 正在加载页面: https://2025.igem.wiki/jlu-cp/experiments
2025-11-28 23:27:20,418 - INFO - ✓ 成功加载页面 (HTML长度: 83656 字符)
2025-11-28 23:27:20,469 - INFO - 找到 3 个图片容器
2025-11-28 23:27:21,130 - INFO - ✓ 提取图片 27: College of Computer Science and Technology...
2025-11-28 23:27:25,601 - INFO - ✓ 提取图片 28: College of Computer Science and Technology...
2025-11-28 23:27:27,984 - INFO - ✓ 提取图片 29: College of Computer Science and Technology...
2025-11-28 23:27:29,989 - INFO - 
[5/16] 处理页面: https://2025.igem.wiki/jlu-cp/results
2025-11-28 23:27:29,990 - INFO - 正在加载页面: https://2025.igem.wiki/jlu-cp/results
2025-11-28 23:27:41,061 - INFO - ✓ 成功加载页面 (HTML长度: 73251 字符)
2025-11-28 23:27:41,102 - INFO - 找到 30 个图片容器
2025-11-28 23:28:11,835 - INFO - ✓ 提取图片 30: Figure 1. Schematic diagram of the melatonin biosynthetic pa...
2025-11-28 23:28:42,527 - INFO - ✓ 提取图片 31: Figure 2. Construction and validation of pUC57-melatonin syn...
2025-11-28 23:28:43,002 - INFO - ✓ 提取图片 32: Figure 3. Yield analysis of melatonin synthesis by engineere...
2025-11-28 23:28:43,491 - INFO - ✓ 提取图片 33: Figure 4. Optimization of induction and substrate conditions...
2025-11-28 23:28:43,879 - INFO - ✓ 提取图片 34: Figure 5. Concentration changes of melatonin and intermediat...
2025-11-28 23:29:14,453 - INFO - ✓ 提取图片 35: Figure 6. Expression and Purification of HsAANAT. A. Schemat...
2025-11-28 23:29:45,308 - INFO - ✓ 提取图片 36: Figure 7. Catalytic mechanism of HsAANAT. A. Proposed cataly...
2025-11-28 23:30:22,917 - INFO - ✓ 提取图片 37: Figure 8. Analysis of molecular dynamics simulation trajecto...
2025-11-28 23:30:24,433 - INFO - ✓ 提取图片 38: Figure 9. Optimization of the model reaction for HsAANAT-cat...
2025-11-28 23:30:25,686 - INFO - ✓ 提取图片 39: Figure 10. Deep learning–guided engineering of HsAANAT. A. R...
2025-11-28 23:30:26,546 - INFO - ✓ 提取图片 40: Figure 11. Effect of wild-type HsAANAT and mutant strain M2 ...
2025-11-28 23:30:27,514 - INFO - 图片保存目录: /Users/ronggang/code/funcode/cp2026/images
2025-11-28 23:30:27,514 - INFO - 开始爬取 16 个页面...
2025-11-28 23:30:27,514 - INFO - 
[1/16] 处理页面: https://2025.igem.wiki/jlu-cp/
2025-11-28 23:30:27,514 - INFO - 正在加载页面: https://2025.igem.wiki/jlu-cp/
2025-11-28 23:30:27,583 - INFO - ✓ 提取图片 41: Figure12. Mechanism of Temperature Control System at 37℃, 42...
2025-11-28 23:30:28,424 - INFO - ✓ 提取图片 42: Figure 13. Plasmid construction and functional validation of...
2025-11-28 23:30:29,237 - INFO - ✓ 提取图片 43: Figure 14. Relative Expression Levels of Fluorescent Protein...
2025-11-28 23:30:30,213 - INFO - ✓ 提取图片 44: Figure 15. Functional Diagram of the Acoustic System....
2025-11-28 23:30:31,027 - INFO - ✓ 提取图片 45: Figure 16. Constructions of pET28a-MscL and pET28a-Acoustic ...
2025-11-28 23:30:31,809 - INFO - ✓ 提取图片 46: Figure 17. Validation of the expression of MscL...
2025-11-28 23:30:32,922 - INFO - ✓ 提取图片 47: Figure 18. Functional analysis of acoustic-controlled system...
2025-11-28 23:30:33,715 - INFO - ✓ 提取图片 48: Figure 19. Exploration of the functionality of acoustic syst...
2025-11-28 23:30:34,544 - INFO - ✓ 提取图片 49: Figure 20. Schematic diagram of the red-light-regulated swit...
2025-11-28 23:30:35,517 - INFO - ✓ 提取图片 50: Figure 21. Functional validation of the red light-regulated ...
2025-11-28 23:30:36,628 - INFO - ✓ 提取图片 51: Figure 22. Diagram of the Bxb1-RDF mechanism. A. Design of t...
2025-11-28 23:30:37,549 - INFO - ✓ 提取图片 52: Figure 23. Bxb1-RDF System Validation. A. temperature-contro...
2025-11-28 23:30:38,451 - INFO - ✓ 提取图片 53: Figure 24. Fluorescence Signal Detection of Bxb1/Bxb1-RDF & ...
2025-11-28 23:30:38,983 - INFO - ✓ 提取图片 54: Figure 25. Hypoxia-Activated Toxin-Antitoxin System. TheMazE...
2025-11-28 23:30:39,660 - INFO - ✓ 提取图片 55: Figure 26. Validation of the hypoxia-inducible reporter syst...
2025-11-28 23:30:40,237 - INFO - ✓ 提取图片 56: Figure 27. Effect of the toxin-antitoxin system on bacterial...
2025-11-28 23:30:40,577 - INFO - ✓ 成功加载页面 (HTML长度: 29479 字符)
2025-11-28 23:30:40,618 - INFO - 找到 16 个图片容器
2025-11-28 23:30:41,213 - INFO - ✓ 提取图片 57: Figure 28. Tryptophan auxotrophic strain. A. Schematic diagr...
2025-11-28 23:30:41,438 - INFO - ✓ 提取图片 1: intro...
2025-11-28 23:30:42,083 - INFO - ✓ 提取图片 2: intro...
2025-11-28 23:31:11,785 - INFO - ✓ 提取图片 58: Figure 29. Lyophilized powder of engineered bacteria....
2025-11-28 23:31:12,736 - INFO - ✓ 提取图片 3: intro...
2025-11-28 23:31:42,600 - INFO - ✓ 提取图片 59: Figure 30. Functional characterization of the lyophilized en...
2025-11-28 23:31:43,335 - INFO - ✓ 提取图片 4: intro...
2025-11-28 23:31:43,989 - INFO - ✓ 提取图片 5: intro...
2025-11-28 23:31:44,606 - INFO - 
[6/16] 处理页面: https://2025.igem.wiki/jlu-cp/engineering
2025-11-28 23:31:44,606 - INFO - 正在加载页面: https://2025.igem.wiki/jlu-cp/engineering
2025-11-28 23:32:11,839 - INFO - ✓ 成功加载页面 (HTML长度: 42539 字符)
2025-11-28 23:32:11,880 - INFO - 找到 4 个图片容器
2025-11-28 23:32:14,730 - INFO - ✓ 提取图片 6: intro...
2025-11-28 23:32:43,357 - INFO - ✓ 提取图片 60: overview of pipeline...
2025-11-28 23:32:45,848 - INFO - ✓ 提取图片 7: Rotating graphic...
2025-11-28 23:33:14,044 - INFO - ✓ 提取图片 61: Schematic diagram of the melatonin biosynthetic pathway...
2025-11-28 23:33:14,960 - INFO - ✓ 提取图片 62: Diagram of Bxb1/Bxb1-RDF Mediated CDS Flipping System...
2025-11-28 23:33:15,795 - INFO - ✓ 提取图片 63: Schematic diagram of the red-light-regulated switch...
2025-11-28 23:33:16,565 - INFO - ✓ 提取图片 8: intro...
2025-11-28 23:33:17,798 - INFO - 
[7/16] 处理页面: https://2025.igem.wiki/jlu-cp/notebook
2025-11-28 23:33:17,799 - INFO - 正在加载页面: https://2025.igem.wiki/jlu-cp/notebook
2025-11-28 23:33:29,946 - INFO - ✓ 成功加载页面 (HTML长度: 250859 字符)
2025-11-28 23:33:30,036 - INFO - 找到 3 个图片容器
2025-11-28 23:33:47,225 - INFO - ✓ 提取图片 9: intro...
2025-11-28 23:34:00,971 - INFO - ✓ 提取图片 64: College of Computer Science and Technology...
2025-11-28 23:34:18,231 - INFO - ✓ 提取图片 10: intro...
2025-11-28 23:34:19,654 - INFO - ✓ 提取图片 11: intro...
2025-11-28 23:34:20,818 - INFO - ✓ 提取图片 12: intro...
2025-11-28 23:34:31,605 - INFO - ✓ 提取图片 65: College of Computer Science and Technology...
2025-11-28 23:34:52,046 - INFO - ✓ 提取图片 13: MODEL...
2025-11-28 23:35:02,210 - INFO - ✓ 提取图片 66: College of Computer Science and Technology...
2025-11-28 23:35:04,214 - INFO - 
[8/16] 处理页面: https://2025.igem.wiki/jlu-cp/team
2025-11-28 23:35:04,215 - INFO - 正在加载页面: https://2025.igem.wiki/jlu-cp/team
2025-11-28 23:35:22,821 - INFO - ✓ 提取图片 14: MODEL...
2025-11-28 23:35:23,520 - INFO - ✓ 提取图片 15: College of Computer Science and Technology...
2025-11-28 23:35:24,142 - INFO - ✓ 提取图片 16: College of Computer Science and Technology...
2025-11-28 23:35:26,147 - INFO - 
[2/16] 处理页面: https://2025.igem.wiki/jlu-cp/description
2025-11-28 23:35:26,147 - INFO - 正在加载页面: https://2025.igem.wiki/jlu-cp/description
2025-11-28 23:35:31,777 - INFO - ✓ 成功加载页面 (HTML长度: 45322 字符)
2025-11-28 23:35:31,834 - INFO - 找到 134 个图片容器
2025-11-28 23:35:41,559 - INFO - ✓ 成功加载页面 (HTML长度: 16062 字符)
2025-11-28 23:35:41,591 - INFO - 找到 3 个图片容器
2025-11-28 23:36:02,819 - INFO - ✓ 提取图片 67: Yonggang Zhang...
2025-11-28 23:36:12,312 - INFO - ✓ 提取图片 17: College of Computer Science and Technology...
2025-11-28 23:36:33,672 - INFO - ✓ 提取图片 68: Yonggang Zhang...
2025-11-28 23:36:34,614 - INFO - ✓ 提取图片 69: Yonggang Zhang...
2025-11-28 23:36:35,154 - INFO - ✓ 提取图片 70: Yonggang Zhang...
2025-11-28 23:36:42,727 - INFO - ✓ 提取图片 18: College of Computer Science and Technology...
2025-11-28 23:37:05,521 - INFO - ✓ 提取图片 71: Yonggang Zhang...
2025-11-28 23:37:13,286 - INFO - ✓ 提取图片 19: College of Computer Science and Technology...
2025-11-28 23:37:15,290 - INFO - 
[3/16] 处理页面: https://2025.igem.wiki/jlu-cp/design
2025-11-28 23:37:15,290 - INFO - 正在加载页面: https://2025.igem.wiki/jlu-cp/design
2025-11-28 23:37:28,965 - INFO - ✓ 成功加载页面 (HTML长度: 33395 字符)
2025-11-28 23:37:28,990 - INFO - 找到 7 个图片容器
2025-11-28 23:37:37,493 - INFO - ✓ 提取图片 72: Yonggang Zhang...
2025-11-28 23:38:00,175 - INFO - ✓ 提取图片 20: Figure 1. Schematic diagram of the melatonin biosynthetic pa...
2025-11-28 23:38:07,879 - INFO - ✓ 提取图片 73: Yonggang Zhang...
2025-11-28 23:38:31,196 - INFO - ✓ 提取图片 21: Figure 2. Flowchart of the pharmacokinetic model for space a...
2025-11-28 23:38:38,520 - INFO - ✓ 提取图片 74: Yonggang Zhang...
2025-11-28 23:39:01,674 - INFO - ✓ 提取图片 22: Figure 3. Schematic diagram of Bxb1/Bxb1-RDF system....
2025-11-28 23:39:02,661 - INFO - ✓ 提取图片 23: Figure 4. Schematic diagram of red-light control system....
2025-11-28 23:39:03,032 - INFO - ✓ 提取图片 24: Figure 5. Predicted dynamics of DNA flipping ratio and melat...
2025-11-28 23:39:09,143 - INFO - ✓ 提取图片 75: Zhicheng Wang...
2025-11-28 23:39:33,505 - INFO - ✓ 提取图片 25: Figure 6. Schematic diagram of Kill Switch System. A. Hypoxi...
2025-11-28 23:39:39,519 - INFO - ✓ 提取图片 76: Zhicheng Wang...
2025-11-28 23:40:04,235 - INFO - ✓ 提取图片 26: Figure 7. Pipeline of iGEM Expert Model...
2025-11-28 23:40:06,240 - INFO - 
[4/16] 处理页面: https://2025.igem.wiki/jlu-cp/experiments
2025-11-28 23:40:06,241 - INFO - 正在加载页面: https://2025.igem.wiki/jlu-cp/experiments
2025-11-28 23:40:09,905 - INFO - ✓ 提取图片 77: Zhicheng Wang...
2025-11-28 23:40:10,578 - INFO - ✓ 提取图片 78: Fangming Gu...
2025-11-28 23:40:10,971 - INFO - ✓ 提取图片 79: Fangming Gu...
2025-11-28 23:40:11,539 - INFO - ✓ 提取图片 80: Fangming Gu...
2025-11-28 23:40:12,640 - INFO - ✓ 提取图片 81: Bo Yang...
2025-11-28 23:40:16,810 - INFO - ✓ 成功加载页面 (HTML长度: 83656 字符)
2025-11-28 23:40:16,860 - INFO - 找到 3 个图片容器
2025-11-28 23:40:43,264 - INFO - ✓ 提取图片 82: Bo Yang...
2025-11-28 23:40:47,221 - INFO - ✓ 提取图片 27: College of Computer Science and Technology...
2025-11-28 23:41:14,380 - INFO - ✓ 提取图片 83: Bo Yang...
2025-11-28 23:41:17,583 - INFO - ✓ 提取图片 28: College of Computer Science and Technology...
2025-11-28 23:41:45,201 - INFO - ✓ 提取图片 84: Bo Yang...
2025-11-28 23:41:47,963 - INFO - ✓ 提取图片 29: College of Computer Science and Technology...
2025-11-28 23:41:48,124 - INFO - ✓ 提取图片 85: Bo Yang...
2025-11-28 23:41:49,053 - INFO - ✓ 提取图片 86: Yannan Shen...
2025-11-28 23:41:49,968 - INFO - 
[5/16] 处理页面: https://2025.igem.wiki/jlu-cp/results
2025-11-28 23:41:49,968 - INFO - 正在加载页面: https://2025.igem.wiki/jlu-cp/results
2025-11-28 23:41:51,743 - INFO - ✓ 提取图片 87: Yannan Shen...
2025-11-28 23:41:52,277 - INFO - ✓ 提取图片 88: Yannan Shen...
2025-11-28 23:41:53,222 - INFO - ✓ 提取图片 89: Yunyun Cheng...
2025-11-28 23:41:53,841 - INFO - ✓ 提取图片 90: Yunyun Cheng...
2025-11-28 23:41:54,380 - INFO - ✓ 提取图片 91: Yunyun Cheng...
2025-11-28 23:41:55,710 - INFO - ✓ 提取图片 92: Yunyun Cheng...
2025-11-28 23:41:56,438 - INFO - ✓ 提取图片 93: Yunyun Cheng...
2025-11-28 23:41:57,377 - INFO - ✓ 提取图片 94: Huan He...
2025-11-28 23:41:58,385 - INFO - ✓ 提取图片 95: Huan He...
2025-11-28 23:41:59,430 - INFO - ✓ 提取图片 96: Huan He...
2025-11-28 23:42:00,136 - INFO - ✓ 成功加载页面 (HTML长度: 74581 字符)
2025-11-28 23:42:00,179 - INFO - 找到 30 个图片容器
2025-11-28 23:42:01,050 - INFO - ✓ 提取图片 97: Jinhua Li...
2025-11-28 23:42:01,397 - INFO - ✓ 提取图片 30: Figure 1. Schematic diagram of the melatonin biosynthetic pa...
2025-11-28 23:42:02,510 - INFO - ✓ 提取图片 98: Jinhua Li...
2025-11-28 23:42:02,631 - INFO - ✓ 提取图片 31: Figure 2. Construction and validation of pUC57-melatonin syn...
2025-11-28 23:42:03,251 - INFO - ✓ 提取图片 99: Jinhua Li...
2025-11-28 23:42:05,346 - INFO - ✓ 提取图片 100: Yu Fu...
2025-11-28 23:42:06,052 - INFO - ✓ 提取图片 32: Figure 3. Yield analysis of melatonin synthesis by engineere...
2025-11-28 23:42:07,299 - INFO - ✓ 提取图片 33: Figure 4. Optimization of induction and substrate conditions...
2025-11-28 23:42:08,572 - INFO - ✓ 提取图片 101: Yu Fu...
2025-11-28 23:42:08,935 - INFO - ✓ 提取图片 34: Figure 5. Concentration changes of melatonin and intermediat...
2025-11-28 23:42:09,849 - INFO - ✓ 提取图片 35: Figure 6. Expression and Purification of HsAANAT. A. Schemat...
2025-11-28 23:42:10,695 - INFO - ✓ 提取图片 102: Yu Fu...
2025-11-28 23:42:11,099 - INFO - ✓ 提取图片 36: Figure 7. Catalytic mechanism of HsAANAT. A. Proposed cataly...
2025-11-28 23:42:16,658 - INFO - ✓ 提取图片 103: Yu Fu...
2025-11-28 23:42:17,392 - INFO - ✓ 提取图片 104: Yu Fu...
2025-11-28 23:42:21,090 - INFO - ✓ 提取图片 105: Haobo Lin...
2025-11-28 23:42:24,043 - INFO - ✓ 提取图片 106: Haobo Lin...
2025-11-28 23:42:24,980 - INFO - ✓ 提取图片 107: Haobo Lin...
2025-11-28 23:42:26,532 - INFO - ✓ 提取图片 108: Yalin Zhu...
2025-11-28 23:42:28,208 - INFO - ✓ 提取图片 109: Yalin Zhu...
2025-11-28 23:42:29,067 - INFO - ✓ 提取图片 110: Yalin Zhu...
2025-11-28 23:42:30,152 - INFO - ✓ 提取图片 37: Figure 8. Analysis of molecular dynamics simulation trajecto...
2025-11-28 23:42:30,716 - INFO - ✓ 提取图片 111: Yalin Zhu...
2025-11-28 23:42:31,850 - INFO - ✓ 提取图片 38: Figure 9. Optimization of the model reaction for HsAANAT-cat...
2025-11-28 23:42:31,926 - INFO - ✓ 提取图片 112: Yalin Zhu...
2025-11-28 23:42:34,026 - INFO - ✓ 提取图片 39: Figure 10. Deep learning–guided engineering of HsAANAT. A. R...
2025-11-28 23:42:34,242 - INFO - ✓ 提取图片 113: Zhiqi Zhang...
2025-11-28 23:42:35,296 - INFO - ✓ 提取图片 114: Zhiqi Zhang...
2025-11-28 23:42:35,316 - INFO - ✓ 提取图片 40: Figure 11. Effect of wild-type HsAANAT and mutant strain M2 ...
2025-11-28 23:42:36,578 - INFO - ✓ 提取图片 41: Figure12. Mechanism of Temperature Control System at 37℃, 42...
2025-11-28 23:42:37,212 - INFO - ✓ 提取图片 115: Zhiqi Zhang...
2025-11-28 23:42:38,522 - INFO - ✓ 提取图片 116: Jingyi Kang...
2025-11-28 23:42:40,396 - INFO - ✓ 提取图片 117: Jingyi Kang...
2025-11-28 23:42:40,798 - INFO - ✓ 提取图片 42: Figure 13. Plasmid construction and functional validation of...
2025-11-28 23:42:41,107 - INFO - ✓ 提取图片 118: Jingyi Kang...
2025-11-28 23:42:41,899 - INFO - ✓ 提取图片 119: Chen Chen...
2025-11-28 23:43:11,344 - INFO - ✓ 提取图片 43: Figure 14. Relative Expression Levels of Fluorescent Protein...
2025-11-28 23:43:12,132 - INFO - ✓ 提取图片 44: Figure 15. Functional Diagram of the Acoustic System....
2025-11-28 23:43:12,513 - INFO - ✓ 提取图片 45: Figure 16. Constructions of pET28a-MscL and pET28a-Acoustic ...
2025-11-28 23:43:12,540 - INFO - ✓ 提取图片 120: Chen Chen...
2025-11-28 23:43:42,993 - INFO - ✓ 提取图片 46: Figure 17. Validation of the expression of MscL...
2025-11-28 23:43:43,174 - INFO - ✓ 提取图片 121: Chen Chen...
2025-11-28 23:43:43,465 - INFO - ✓ 提取图片 47: Figure 18. Functional analysis of acoustic-controlled system...
2025-11-28 23:43:43,906 - INFO - ✓ 提取图片 48: Figure 19. Exploration of the functionality of acoustic syst...
2025-11-28 23:43:44,023 - INFO - ✓ 提取图片 122: Zhiyuan Jin...
2025-11-28 23:43:44,216 - INFO - ✓ 提取图片 49: Figure 20. Schematic diagram of the red-light-regulated swit...
2025-11-28 23:43:44,441 - INFO - ✓ 提取图片 123: Zhiyuan Jin...
2025-11-28 23:43:44,657 - INFO - ✓ 提取图片 50: Figure 21. Functional validation of the red light-regulated ...
2025-11-28 23:43:44,844 - INFO - ✓ 提取图片 124: Zhiyuan Jin...
2025-11-28 23:43:45,057 - INFO - ✓ 提取图片 51: Figure 22. Diagram of the Bxb1-RDF mechanism. A. Design of t...
2025-11-28 23:43:45,407 - INFO - ✓ 提取图片 52: Figure 23. Bxb1-RDF System Validation. A. temperature-contro...
2025-11-28 23:43:45,750 - INFO - ✓ 提取图片 125: Weishan Du...
2025-11-28 23:43:45,925 - INFO - ✓ 提取图片 53: Figure 24. Fluorescence Signal Detection of Bxb1/Bxb1-RDF & ...
2025-11-28 23:43:46,194 - INFO - ✓ 提取图片 126: Weishan Du...
2025-11-28 23:43:46,267 - INFO - ✓ 提取图片 54: Figure 25. Hypoxia-Activated Toxin-Antitoxin System. TheMazE...
2025-11-28 23:43:46,603 - INFO - ✓ 提取图片 55: Figure 26. Validation of the hypoxia-inducible reporter syst...
2025-11-28 23:43:46,688 - INFO - ✓ 提取图片 127: Weishan Du...
2025-11-28 23:43:47,144 - INFO - ✓ 提取图片 56: Figure 27. Effect of the toxin-antitoxin system on bacterial...
2025-11-28 23:43:47,390 - INFO - ✓ 提取图片 128: Xuanhao Chang...
2025-11-28 23:43:47,625 - INFO - ✓ 提取图片 57: Figure 28. Tryptophan auxotrophic strain. A. Schematic diagr...
2025-11-28 23:43:47,693 - INFO - ✓ 提取图片 129: Xuanhao Chang...
2025-11-28 23:43:48,000 - INFO - ✓ 提取图片 58: Figure 29. Lyophilized powder of engineered bacteria....
2025-11-28 23:43:48,018 - INFO - ✓ 提取图片 130: Xuanhao Chang...
2025-11-28 23:43:48,455 - INFO - ✓ 提取图片 59: Figure 30. Functional characterization of the lyophilized en...
2025-11-28 23:43:48,479 - INFO - ✓ 提取图片 131: Gong Kai...
2025-11-28 23:43:48,973 - INFO - ✓ 提取图片 132: Gong Kai...
2025-11-28 23:43:49,526 - INFO - ✓ 提取图片 133: Gong Kai...
2025-11-28 23:43:50,368 - INFO - ✓ 提取图片 134: Yutong Li...
2025-11-28 23:43:50,460 - INFO - 
[6/16] 处理页面: https://2025.igem.wiki/jlu-cp/engineering
2025-11-28 23:43:50,460 - INFO - 正在加载页面: https://2025.igem.wiki/jlu-cp/engineering
2025-11-28 23:43:50,821 - INFO - ✓ 提取图片 135: Yutong Li...
2025-11-28 23:43:51,235 - INFO - ✓ 提取图片 136: Yutong Li...
2025-11-28 23:43:52,191 - INFO - ✓ 提取图片 137: Zhichao Li...
2025-11-28 23:43:52,623 - INFO - ✓ 提取图片 138: Zhichao Li...
2025-11-28 23:43:53,040 - INFO - ✓ 提取图片 139: Zhichao Li...
2025-11-28 23:43:53,683 - INFO - ✓ 提取图片 140: Tianqi Wang...
2025-11-28 23:43:54,100 - INFO - ✓ 提取图片 141: Tianqi Wang...
2025-11-28 23:43:54,529 - INFO - ✓ 提取图片 142: Tianqi Wang...
2025-11-28 23:43:55,354 - INFO - ✓ 提取图片 143: Chenjiao Diao...
2025-11-28 23:43:56,028 - INFO - ✓ 提取图片 144: Chenjiao Diao...
2025-11-28 23:43:56,867 - INFO - ✓ 提取图片 145: Chenjiao Diao...
2025-11-28 23:43:57,719 - INFO - ✓ 提取图片 146: Yuxuan He...
2025-11-28 23:43:58,192 - INFO - ✓ 提取图片 147: Yuxuan He...
2025-11-28 23:43:58,552 - INFO - ✓ 提取图片 148: Yuxuan He...
2025-11-28 23:43:58,928 - INFO - ✓ 提取图片 149: Kaiwen Zheng...
2025-11-28 23:43:59,381 - INFO - ✓ 提取图片 150: Kaiwen Zheng...
2025-11-28 23:43:59,899 - INFO - ✓ 提取图片 151: Kaiwen Zheng...
2025-11-28 23:44:00,729 - INFO - ✓ 提取图片 152: Xinyi Wang...
2025-11-28 23:44:01,303 - INFO - ✓ 提取图片 153: Xinyi Wang...
2025-11-28 23:44:01,888 - INFO - ✓ 提取图片 154: Xinyi Wang...
2025-11-28 23:44:02,863 - INFO - ✓ 提取图片 155: Tong Cui...
2025-11-28 23:44:03,284 - INFO - ✓ 提取图片 156: Tong Cui...
2025-11-28 23:44:03,801 - INFO - ✓ 提取图片 157: Tong Cui...
2025-11-28 23:44:04,494 - INFO - ✓ 成功加载页面 (HTML长度: 42539 字符)
2025-11-28 23:44:04,527 - INFO - 找到 4 个图片容器
2025-11-28 23:44:04,729 - INFO - ✓ 提取图片 158: Feiran Yu...
2025-11-28 23:44:05,263 - INFO - ✓ 提取图片 60: overview of pipeline...
2025-11-28 23:44:05,293 - INFO - ✓ 提取图片 159: Feiran Yu...
2025-11-28 23:44:05,641 - INFO - ✓ 提取图片 61: Schematic diagram of the melatonin biosynthetic pathway...
2025-11-28 23:44:05,747 - INFO - ✓ 提取图片 160: Feiran Yu...
2025-11-28 23:44:05,969 - INFO - ✓ 提取图片 62: Diagram of Bxb1/Bxb1-RDF Mediated CDS Flipping System...
2025-11-28 23:44:06,351 - INFO - ✓ 提取图片 63: Schematic diagram of the red-light-regulated switch...
2025-11-28 23:44:06,566 - INFO - ✓ 提取图片 161: Ronggang Zhang...
2025-11-28 23:44:07,076 - INFO - ✓ 提取图片 162: Ronggang Zhang...
2025-11-28 23:44:07,638 - INFO - ✓ 提取图片 163: Ronggang Zhang...
2025-11-28 23:44:08,356 - INFO - 
[7/16] 处理页面: https://2025.igem.wiki/jlu-cp/notebook
2025-11-28 23:44:08,358 - INFO - 正在加载页面: https://2025.igem.wiki/jlu-cp/notebook
2025-11-28 23:44:08,465 - INFO - ✓ 提取图片 164: Yiran Huang...
2025-11-28 23:44:08,910 - INFO - ✓ 提取图片 165: Yiran Huang...
2025-11-28 23:44:09,370 - INFO - ✓ 提取图片 166: Yiran Huang...
2025-11-28 23:44:10,744 - INFO - ✓ 提取图片 167: Chanjuan Jin...
2025-11-28 23:44:11,330 - INFO - ✓ 提取图片 168: Chanjuan Jin...
2025-11-28 23:44:12,464 - INFO - ✓ 提取图片 169: Chanjuan Jin...
2025-11-28 23:44:13,070 - INFO - ✓ 提取图片 170: Chanjuan Jin...
2025-11-28 23:44:13,526 - INFO - ✓ 提取图片 171: Chanjuan Jin...
2025-11-28 23:44:14,775 - INFO - ✓ 提取图片 172: Jiarui Bi...
2025-11-28 23:44:15,289 - INFO - ✓ 提取图片 173: Jiarui Bi...
2025-11-28 23:44:15,686 - INFO - ✓ 提取图片 174: Jiarui Bi...
2025-11-28 23:44:16,577 - INFO - ✓ 提取图片 175: Biyang Sun...
2025-11-28 23:44:17,007 - INFO - ✓ 提取图片 176: Biyang Sun...
2025-11-28 23:44:17,596 - INFO - ✓ 提取图片 177: Biyang Sun...
2025-11-28 23:44:18,538 - INFO - ✓ 提取图片 178: Runfeng Pan...
2025-11-28 23:44:19,046 - INFO - ✓ 提取图片 179: Runfeng Pan...
2025-11-28 23:44:19,476 - INFO - ✓ 提取图片 180: Runfeng Pan...
2025-11-28 23:44:20,302 - INFO - ✓ 提取图片 181: Jiyu Zhang...
2025-11-28 23:44:20,824 - INFO - ✓ 提取图片 182: Jiyu Zhang...
2025-11-28 23:44:21,227 - INFO - ✓ 提取图片 183: Jiyu Zhang...
2025-11-28 23:44:22,190 - INFO - ✓ 提取图片 184: Haoqing Dou...
2025-11-28 23:44:22,675 - INFO - ✓ 提取图片 185: Haoqing Dou...
2025-11-28 23:44:23,068 - INFO - ✓ 提取图片 186: Haoqing Dou...
2025-11-28 23:44:23,978 - INFO - ✓ 提取图片 187: Jinping Yin...
2025-11-28 23:44:24,507 - INFO - ✓ 提取图片 188: Jinping Yin...
2025-11-28 23:44:25,143 - INFO - ✓ 提取图片 189: Jinping Yin...
2025-11-28 23:44:26,052 - INFO - ✓ 提取图片 190: Yueran cui...
2025-11-28 23:44:26,542 - INFO - ✓ 提取图片 191: Yueran cui...
2025-11-28 23:44:27,070 - INFO - ✓ 提取图片 192: Yueran cui...
2025-11-28 23:44:27,964 - INFO - ✓ 提取图片 193: Jie Feng...
2025-11-28 23:44:28,404 - INFO - ✓ 提取图片 194: Jie Feng...
2025-11-28 23:44:28,764 - INFO - ✓ 提取图片 195: Jie Feng...
2025-11-28 23:44:29,180 - INFO - ✓ 提取图片 196: Weiqiang Xu...
2025-11-28 23:44:29,583 - INFO - ✓ 提取图片 197: Weiqiang Xu...
2025-11-28 23:44:30,023 - INFO - ✓ 提取图片 198: Weiqiang Xu...
2025-11-28 23:44:30,440 - INFO - ✓ 提取图片 199: College of Computer Science and Technology...
2025-11-28 23:44:30,717 - INFO - ✓ 提取图片 200: College of Computer Science and Technology...
2025-11-28 23:44:32,719 - INFO - 
[9/16] 处理页面: https://2025.igem.wiki/jlu-cp/attributions
2025-11-28 23:44:32,720 - INFO - 正在加载页面: https://2025.igem.wiki/jlu-cp/attributions
2025-11-28 23:44:44,933 - INFO - ✓ 成功加载页面 (HTML长度: 8957 字符)
2025-11-28 23:44:44,960 - INFO - 找到 3 个图片容器
2025-11-28 23:44:45,342 - INFO - ✓ 提取图片 201: College of Computer Science and Technology...
2025-11-28 23:44:45,710 - INFO - ✓ 提取图片 202: College of Computer Science and Technology...
2025-11-28 23:44:46,125 - INFO - ✓ 提取图片 203: College of Computer Science and Technology...
2025-11-28 23:44:48,131 - INFO - 
[10/16] 处理页面: https://2025.igem.wiki/jlu-cp/safety
2025-11-28 23:44:48,132 - INFO - 正在加载页面: https://2025.igem.wiki/jlu-cp/safety
2025-11-28 23:44:48,702 - INFO - ✓ 成功加载页面 (HTML长度: 250859 字符)
2025-11-28 23:44:48,801 - INFO - 找到 3 个图片容器
2025-11-28 23:44:49,220 - INFO - ✓ 提取图片 64: College of Computer Science and Technology...
2025-11-28 23:44:49,620 - INFO - ✓ 提取图片 65: College of Computer Science and Technology...
2025-11-28 23:44:49,907 - INFO - ✓ 提取图片 66: College of Computer Science and Technology...
2025-11-28 23:44:51,909 - INFO - 
[8/16] 处理页面: https://2025.igem.wiki/jlu-cp/team
2025-11-28 23:44:51,910 - INFO - 正在加载页面: https://2025.igem.wiki/jlu-cp/team
2025-11-28 23:45:03,771 - INFO - ✓ 成功加载页面 (HTML长度: 8290 字符)
2025-11-28 23:45:03,794 - INFO - 找到 3 个图片容器
2025-11-28 23:45:04,084 - INFO - ✓ 提取图片 204: College of Computer Science and Technology...
2025-11-28 23:45:04,452 - INFO - ✓ 提取图片 205: College of Computer Science and Technology...
2025-11-28 23:45:04,830 - INFO - ✓ 提取图片 206: College of Computer Science and Technology...
2025-11-28 23:45:06,085 - INFO - ✓ 成功加载页面 (HTML长度: 45322 字符)
2025-11-28 23:45:06,143 - INFO - 找到 134 个图片容器
2025-11-28 23:45:06,707 - INFO - ✓ 提取图片 67: Yonggang Zhang...
2025-11-28 23:45:06,832 - INFO - 
[11/16] 处理页面: https://2025.igem.wiki/jlu-cp/human-practices
2025-11-28 23:45:06,832 - INFO - 正在加载页面: https://2025.igem.wiki/jlu-cp/human-practices
2025-11-28 23:45:07,038 - INFO - ✓ 提取图片 68: Yonggang Zhang...
2025-11-28 23:45:07,386 - INFO - ✓ 提取图片 69: Yonggang Zhang...
2025-11-28 23:45:07,779 - INFO - ✓ 提取图片 70: Yonggang Zhang...
2025-11-28 23:45:08,073 - INFO - ✓ 提取图片 71: Yonggang Zhang...
2025-11-28 23:45:08,381 - INFO - ✓ 提取图片 72: Yonggang Zhang...
2025-11-28 23:45:08,753 - INFO - ✓ 提取图片 73: Yonggang Zhang...
2025-11-28 23:45:09,135 - INFO - ✓ 提取图片 74: Yonggang Zhang...
2025-11-28 23:45:09,755 - INFO - ✓ 提取图片 75: Zhicheng Wang...
2025-11-28 23:45:10,103 - INFO - ✓ 提取图片 76: Zhicheng Wang...
2025-11-28 23:45:10,460 - INFO - ✓ 提取图片 77: Zhicheng Wang...
2025-11-28 23:45:11,045 - INFO - ✓ 提取图片 78: Fangming Gu...
2025-11-28 23:45:11,453 - INFO - ✓ 提取图片 79: Fangming Gu...
2025-11-28 23:45:11,890 - INFO - ✓ 提取图片 80: Fangming Gu...
2025-11-28 23:45:12,587 - INFO - ✓ 提取图片 81: Bo Yang...
2025-11-28 23:45:13,136 - INFO - ✓ 提取图片 82: Bo Yang...
2025-11-28 23:45:13,779 - INFO - ✓ 提取图片 83: Bo Yang...
2025-11-28 23:45:14,416 - INFO - ✓ 提取图片 84: Bo Yang...
2025-11-28 23:45:15,070 - INFO - ✓ 提取图片 85: Bo Yang...
2025-11-28 23:45:16,004 - INFO - ✓ 提取图片 86: Yannan Shen...
2025-11-28 23:45:16,417 - INFO - ✓ 提取图片 87: Yannan Shen...
2025-11-28 23:45:16,820 - INFO - ✓ 提取图片 88: Yannan Shen...
2025-11-28 23:45:17,436 - INFO - ✓ 提取图片 89: Yunyun Cheng...
2025-11-28 23:45:26,197 - INFO - ✓ 成功加载页面 (HTML长度: 78172 字符)
2025-11-28 23:45:26,229 - INFO - 找到 17 个图片容器
2025-11-28 23:45:48,007 - INFO - ✓ 提取图片 90: Yunyun Cheng...
2025-11-28 23:45:48,524 - INFO - ✓ 提取图片 91: Yunyun Cheng...
2025-11-28 23:45:48,941 - INFO - ✓ 提取图片 92: Yunyun Cheng...
2025-11-28 23:45:49,335 - INFO - ✓ 提取图片 93: Yunyun Cheng...
2025-11-28 23:45:49,800 - INFO - ✓ 提取图片 94: Huan He...
2025-11-28 23:45:50,219 - INFO - ✓ 提取图片 95: Huan He...
2025-11-28 23:45:50,688 - INFO - ✓ 提取图片 96: Huan He...
2025-11-28 23:45:51,251 - INFO - ✓ 提取图片 97: Jinhua Li...
2025-11-28 23:45:51,726 - INFO - ✓ 提取图片 98: Jinhua Li...
2025-11-28 23:45:52,178 - INFO - ✓ 提取图片 99: Jinhua Li...
2025-11-28 23:45:52,590 - INFO - ✓ 提取图片 100: Yu Fu...
2025-11-28 23:45:53,052 - INFO - ✓ 提取图片 101: Yu Fu...
2025-11-28 23:45:53,564 - INFO - ✓ 提取图片 102: Yu Fu...
2025-11-28 23:45:53,980 - INFO - ✓ 提取图片 103: Yu Fu...
2025-11-28 23:45:54,491 - INFO - ✓ 提取图片 104: Yu Fu...
2025-11-28 23:45:55,014 - INFO - ✓ 提取图片 105: Haobo Lin...
2025-11-28 23:45:55,542 - INFO - ✓ 提取图片 106: Haobo Lin...
2025-11-28 23:45:56,090 - INFO - ✓ 提取图片 107: Haobo Lin...
2025-11-28 23:45:56,655 - INFO - ✓ 提取图片 108: Yalin Zhu...
2025-11-28 23:45:56,948 - INFO - ✓ 提取图片 207: DBTL cycle in human practices....
2025-11-28 23:45:57,097 - INFO - ✓ 提取图片 109: Yalin Zhu...
2025-11-28 23:45:57,409 - INFO - ✓ 提取图片 208: Mendelow's Matrix....
2025-11-28 23:45:57,497 - INFO - ✓ 提取图片 110: Yalin Zhu...
2025-11-28 23:45:57,795 - INFO - ✓ 提取图片 209: iEMOTIONS....
2025-11-28 23:45:57,978 - INFO - ✓ 提取图片 111: Yalin Zhu...
2025-11-28 23:45:58,176 - INFO - ✓ 提取图片 210: Associate Chief Physician Doctor Wenjing Xie (middle), Depar...
2025-11-28 23:45:58,348 - INFO - ✓ 提取图片 112: Yalin Zhu...
2025-11-28 23:45:58,616 - INFO - ✓ 提取图片 211: Dr. Wenjing Xie engaging in an in-depth discussion with one ...
2025-11-28 23:45:58,650 - INFO - ✓ 提取图片 113: Zhiqi Zhang...
2025-11-28 23:45:59,058 - INFO - ✓ 提取图片 212: PhD. Wen Kai (Right) from the College of Life Sciences, Jili...
2025-11-28 23:45:59,145 - INFO - ✓ 提取图片 114: Zhiqi Zhang...
2025-11-28 23:45:59,584 - INFO - ✓ 提取图片 115: Zhiqi Zhang...
2025-11-28 23:45:59,715 - INFO - ✓ 提取图片 213: Dr. Zhenjing Jin (middle), Director of the Department of Gas...
2025-11-28 23:45:59,985 - INFO - ✓ 提取图片 116: Jingyi Kang...
2025-11-28 23:46:00,189 - INFO - ✓ 提取图片 214: Dr. Zhenjing Jin engaging in an in-depth discussion with one...
2025-11-28 23:46:00,353 - INFO - ✓ 提取图片 117: Jingyi Kang...
2025-11-28 23:46:00,580 - INFO - ✓ 提取图片 215: Associate Professor Hui Li (middle), School of Public Health...
2025-11-28 23:46:00,721 - INFO - ✓ 提取图片 118: Jingyi Kang...
2025-11-28 23:46:00,965 - INFO - ✓ 提取图片 216: Professor Haiqing Ye discussing with our team members....
2025-11-28 23:46:01,427 - INFO - ✓ 提取图片 119: Chen Chen...
2025-11-28 23:46:01,572 - INFO - ✓ 提取图片 217: Ms.Hao Wu (right), Chief Operating Officer (COO) and Chief Q...
2025-11-28 23:46:01,819 - INFO - ✓ 提取图片 120: Chen Chen...
2025-11-28 23:46:02,051 - INFO - ✓ 提取图片 218: Doctor Yiyin Gao (middle), Resident Physician, Department of...
2025-11-28 23:46:02,235 - INFO - ✓ 提取图片 121: Chen Chen...
2025-11-28 23:46:02,582 - INFO - ✓ 提取图片 219: Dr. Yiyin Gao engaging in an in-depth discussion with one of...
2025-11-28 23:46:02,629 - INFO - ✓ 提取图片 122: Zhiyuan Jin...
2025-11-28 23:46:03,103 - INFO - ✓ 提取图片 220: Prof. Hongjia Ma (right), School of Business and Management,...
2025-11-28 23:46:03,117 - INFO - ✓ 提取图片 123: Zhiyuan Jin...
2025-11-28 23:46:03,484 - INFO - ✓ 提取图片 221: Stacked Bar Chart of Basic Information....
2025-11-28 23:46:03,508 - INFO - ✓ 提取图片 124: Zhiyuan Jin...
2025-11-28 23:46:03,929 - INFO - ✓ 提取图片 222: Runway Chart (Left: Types of Purchased Products; Right: Purc...
2025-11-28 23:46:03,954 - INFO - ✓ 提取图片 125: Weishan Du...
2025-11-28 23:46:04,242 - INFO - ✓ 提取图片 223: SHAP Value Beeswarm Plot....
2025-11-28 23:46:04,369 - INFO - ✓ 提取图片 126: Weishan Du...
2025-11-28 23:46:04,840 - INFO - ✓ 提取图片 127: Weishan Du...
2025-11-28 23:46:05,283 - INFO - ✓ 提取图片 128: Xuanhao Chang...
2025-11-28 23:46:05,685 - INFO - ✓ 提取图片 129: Xuanhao Chang...
2025-11-28 23:46:06,014 - INFO - ✓ 提取图片 130: Xuanhao Chang...
2025-11-28 23:46:06,252 - INFO - 
[12/16] 处理页面: https://2025.igem.wiki/jlu-cp/contribution
2025-11-28 23:46:06,253 - INFO - 正在加载页面: https://2025.igem.wiki/jlu-cp/contribution
2025-11-28 23:46:06,505 - INFO - ✓ 提取图片 131: Gong Kai...
2025-11-28 23:46:06,962 - INFO - ✓ 提取图片 132: Gong Kai...
2025-11-28 23:46:07,561 - INFO - ✓ 提取图片 133: Gong Kai...
2025-11-28 23:46:08,003 - INFO - ✓ 提取图片 134: Yutong Li...
2025-11-28 23:46:08,496 - INFO - ✓ 提取图片 135: Yutong Li...
2025-11-28 23:46:09,073 - INFO - ✓ 提取图片 136: Yutong Li...
2025-11-28 23:46:09,474 - INFO - ✓ 提取图片 137: Zhichao Li...
2025-11-28 23:46:09,883 - INFO - ✓ 提取图片 138: Zhichao Li...
2025-11-28 23:46:10,272 - INFO - ✓ 提取图片 139: Zhichao Li...
2025-11-28 23:46:10,649 - INFO - ✓ 提取图片 140: Tianqi Wang...
2025-11-28 23:46:11,129 - INFO - ✓ 提取图片 141: Tianqi Wang...
2025-11-28 23:46:13,027 - INFO - ✓ 提取图片 142: Tianqi Wang...
2025-11-28 23:46:13,445 - INFO - ✓ 提取图片 143: Chenjiao Diao...
2025-11-28 23:46:14,011 - INFO - ✓ 提取图片 144: Chenjiao Diao...
2025-11-28 23:46:14,442 - INFO - ✓ 提取图片 145: Chenjiao Diao...
2025-11-28 23:46:14,947 - INFO - ✓ 提取图片 146: Yuxuan He...
2025-11-28 23:46:15,627 - INFO - ✓ 提取图片 147: Yuxuan He...
2025-11-28 23:46:16,021 - INFO - ✓ 提取图片 148: Yuxuan He...
2025-11-28 23:46:16,518 - INFO - ✓ 提取图片 149: Kaiwen Zheng...
2025-11-28 23:46:17,019 - INFO - ✓ 提取图片 150: Kaiwen Zheng...
2025-11-28 23:46:17,493 - INFO - ✓ 提取图片 151: Kaiwen Zheng...
2025-11-28 23:46:17,959 - INFO - ✓ 提取图片 152: Xinyi Wang...
2025-11-28 23:46:18,532 - INFO - ✓ 提取图片 153: Xinyi Wang...
2025-11-28 23:46:19,168 - INFO - ✓ 提取图片 154: Xinyi Wang...
2025-11-28 23:46:19,638 - INFO - ✓ 提取图片 155: Tong Cui...
2025-11-28 23:46:20,140 - INFO - ✓ 提取图片 156: Tong Cui...
2025-11-28 23:46:20,668 - INFO - ✓ 提取图片 157: Tong Cui...
2025-11-28 23:46:21,112 - INFO - ✓ 提取图片 158: Feiran Yu...
2025-11-28 23:46:21,645 - INFO - ✓ 提取图片 159: Feiran Yu...
2025-11-28 23:46:22,048 - INFO - ✓ 提取图片 160: Feiran Yu...
2025-11-28 23:46:22,560 - INFO - ✓ 提取图片 161: Ronggang Zhang...
2025-11-28 23:46:23,248 - INFO - ✓ 提取图片 162: Ronggang Zhang...
2025-11-28 23:46:23,690 - INFO - ✓ 提取图片 163: Ronggang Zhang...
2025-11-28 23:46:24,124 - INFO - ✓ 提取图片 164: Yiran Huang...
2025-11-28 23:46:24,573 - INFO - ✓ 提取图片 165: Yiran Huang...
2025-11-28 23:46:24,970 - INFO - ✓ 提取图片 166: Yiran Huang...
2025-11-28 23:46:25,565 - INFO - ✓ 提取图片 167: Chanjuan Jin...
2025-11-28 23:46:26,253 - INFO - ✓ 提取图片 168: Chanjuan Jin...
2025-11-28 23:46:26,847 - INFO - ✓ 提取图片 169: Chanjuan Jin...
2025-11-28 23:46:27,341 - INFO - ✓ 成功加载页面 (HTML长度: 36546 字符)
2025-11-28 23:46:27,374 - INFO - 找到 8 个图片容器
2025-11-28 23:46:27,431 - INFO - ✓ 提取图片 170: Chanjuan Jin...
2025-11-28 23:46:27,751 - INFO - ✓ 提取图片 224: Figure 1. Schematic diagram of the melatonin biosynthetic pa...
2025-11-28 23:46:28,084 - INFO - ✓ 提取图片 171: Chanjuan Jin...
2025-11-28 23:46:28,176 - INFO - ✓ 提取图片 225: Figure 2.Construction and validation of melatonin synthesis ...
2025-11-28 23:46:28,494 - INFO - ✓ 提取图片 172: Jiarui Bi...
2025-11-28 23:46:28,739 - INFO - ✓ 提取图片 226: Figure 3. Schematic of the Computational Modeling Workflow...
2025-11-28 23:46:29,004 - INFO - ✓ 提取图片 173: Jiarui Bi...
2025-11-28 23:46:29,190 - INFO - ✓ 提取图片 227: Figure 4. Flowchart of the pharmacokinetic model for space a...
2025-11-28 23:46:29,394 - INFO - ✓ 提取图片 174: Jiarui Bi...
2025-11-28 23:46:29,625 - INFO - ✓ 提取图片 228: Figure 5. A.Relative catalytic activity of wild-type and mut...
2025-11-28 23:46:30,042 - INFO - ✓ 提取图片 175: Biyang Sun...
2025-11-28 23:46:30,049 - INFO - ✓ 提取图片 229: Figure 6.Functional Diagram of the Acoustic System....
2025-11-28 23:46:30,496 - INFO - ✓ 提取图片 176: Biyang Sun...
2025-11-28 23:46:30,614 - INFO - ✓ 提取图片 230: Figure 7. Interface or conceptual diagram of the iTutor mode...
2025-11-28 23:46:30,953 - INFO - ✓ 提取图片 177: Biyang Sun...
2025-11-28 23:46:31,421 - INFO - ✓ 提取图片 231: Figure 8. A scene from our space-themed science popularizati...
2025-11-28 23:46:31,518 - INFO - ✓ 提取图片 178: Runfeng Pan...
2025-11-28 23:46:31,997 - INFO - ✓ 提取图片 179: Runfeng Pan...
2025-11-28 23:46:32,475 - INFO - ✓ 提取图片 180: Runfeng Pan...
2025-11-28 23:46:33,024 - INFO - ✓ 提取图片 181: Jiyu Zhang...
2025-11-28 23:46:33,425 - INFO - 
[13/16] 处理页面: https://2025.igem.wiki/jlu-cp/model
2025-11-28 23:46:33,426 - INFO - 正在加载页面: https://2025.igem.wiki/jlu-cp/model
2025-11-28 23:46:33,559 - INFO - ✓ 提取图片 182: Jiyu Zhang...
2025-11-28 23:46:34,099 - INFO - ✓ 提取图片 183: Jiyu Zhang...
2025-11-28 23:46:34,571 - INFO - ✓ 提取图片 184: Haoqing Dou...
2025-11-28 23:46:34,990 - INFO - ✓ 提取图片 185: Haoqing Dou...
2025-11-28 23:46:35,459 - INFO - ✓ 提取图片 186: Haoqing Dou...
2025-11-28 23:46:35,967 - INFO - ✓ 提取图片 187: Jinping Yin...
2025-11-28 23:46:37,013 - INFO - ✓ 提取图片 188: Jinping Yin...
2025-11-28 23:46:37,839 - INFO - ✓ 提取图片 189: Jinping Yin...
2025-11-28 23:46:38,300 - INFO - ✓ 提取图片 190: Yueran cui...
2025-11-28 23:46:39,253 - INFO - ✓ 提取图片 191: Yueran cui...
2025-11-28 23:46:39,725 - INFO - ✓ 提取图片 192: Yueran cui...
2025-11-28 23:46:40,023 - INFO - ✓ 提取图片 193: Jie Feng...
2025-11-28 23:46:40,336 - INFO - ✓ 提取图片 194: Jie Feng...
2025-11-28 23:46:40,659 - INFO - ✓ 提取图片 195: Jie Feng...
2025-11-28 23:46:41,042 - INFO - ✓ 提取图片 196: Weiqiang Xu...
2025-11-28 23:46:41,590 - INFO - ✓ 提取图片 197: Weiqiang Xu...
2025-11-28 23:46:42,000 - INFO - ✓ 提取图片 198: Weiqiang Xu...
2025-11-28 23:46:42,298 - INFO - ✓ 提取图片 199: College of Computer Science and Technology...
2025-11-28 23:46:42,682 - INFO - ✓ 提取图片 200: College of Computer Science and Technology...
2025-11-28 23:46:44,692 - INFO - 
[9/16] 处理页面: https://2025.igem.wiki/jlu-cp/attributions
2025-11-28 23:46:44,692 - INFO - 正在加载页面: https://2025.igem.wiki/jlu-cp/attributions
2025-11-28 23:47:03,253 - INFO - ✓ 成功加载页面 (HTML长度: 24054 字符)
2025-11-28 23:47:03,281 - INFO - 找到 1 个图片容器
2025-11-28 23:47:04,264 - INFO - ✓ 提取图片 232: Melatonin production prediction for duty cycle 0.50...
2025-11-28 23:47:06,273 - INFO - 
[14/16] 处理页面: https://2025.igem.wiki/jlu-cp/implementation
2025-11-28 23:47:06,273 - INFO - 正在加载页面: https://2025.igem.wiki/jlu-cp/implementation
2025-11-28 23:47:18,028 - INFO - ✓ 成功加载页面 (HTML长度: 8290 字符)
2025-11-28 23:47:18,052 - INFO - 找到 3 个图片容器
2025-11-28 23:47:18,055 - INFO - ✓ 成功加载页面 (HTML长度: 8957 字符)
2025-11-28 23:47:18,082 - INFO - 找到 3 个图片容器
2025-11-28 23:47:18,381 - INFO - ✓ 提取图片 233: College of Computer Science and Technology...
2025-11-28 23:47:18,440 - INFO - ✓ 提取图片 201: College of Computer Science and Technology...
2025-11-28 23:47:18,713 - INFO - ✓ 提取图片 234: College of Computer Science and Technology...
2025-11-28 23:47:18,817 - INFO - ✓ 提取图片 202: College of Computer Science and Technology...
2025-11-28 23:47:19,082 - INFO - ✓ 提取图片 235: College of Computer Science and Technology...
2025-11-28 23:47:19,180 - INFO - ✓ 提取图片 203: College of Computer Science and Technology...
2025-11-28 23:47:21,092 - INFO - 
[15/16] 处理页面: https://2025.igem.wiki/jlu-cp/proof-of-concept
2025-11-28 23:47:21,093 - INFO - 正在加载页面: https://2025.igem.wiki/jlu-cp/proof-of-concept
2025-11-28 23:47:21,184 - INFO - 
[10/16] 处理页面: https://2025.igem.wiki/jlu-cp/safety
2025-11-28 23:47:21,184 - INFO - 正在加载页面: https://2025.igem.wiki/jlu-cp/safety
2025-11-28 23:47:49,132 - INFO - ✓ 成功加载页面 (HTML长度: 8290 字符)
2025-11-28 23:47:49,159 - INFO - 找到 3 个图片容器
2025-11-28 23:47:49,547 - INFO - ✓ 提取图片 204: College of Computer Science and Technology...
2025-11-28 23:47:49,883 - INFO - ✓ 提取图片 205: College of Computer Science and Technology...
2025-11-28 23:47:50,221 - INFO - ✓ 提取图片 206: College of Computer Science and Technology...
2025-11-28 23:47:51,935 - INFO - ✓ 成功加载页面 (HTML长度: 8290 字符)
2025-11-28 23:47:51,965 - INFO - 找到 3 个图片容器
2025-11-28 23:47:52,222 - INFO - 
[11/16] 处理页面: https://2025.igem.wiki/jlu-cp/human-practices
2025-11-28 23:47:52,222 - INFO - 正在加载页面: https://2025.igem.wiki/jlu-cp/human-practices
2025-11-28 23:47:52,318 - INFO - ✓ 提取图片 236: College of Computer Science and Technology...
2025-11-28 23:47:52,615 - INFO - ✓ 提取图片 237: College of Computer Science and Technology...
2025-11-28 23:47:52,921 - INFO - ✓ 提取图片 238: College of Computer Science and Technology...
2025-11-28 23:47:54,931 - INFO - 
[16/16] 处理页面: https://2025.igem.wiki/jlu-cp/parts
2025-11-28 23:47:54,932 - INFO - 正在加载页面: https://2025.igem.wiki/jlu-cp/parts
2025-11-28 23:48:13,724 - INFO - ✓ 成功加载页面 (HTML长度: 18233 字符)
2025-11-28 23:48:13,759 - INFO - 找到 3 个图片容器
2025-11-28 23:48:14,186 - INFO - ✓ 提取图片 239: College of Computer Science and Technology...
2025-11-28 23:48:14,485 - INFO - ✓ 提取图片 240: College of Computer Science and Technology...
2025-11-28 23:48:14,804 - INFO - ✓ 提取图片 241: College of Computer Science and Technology...
2025-11-28 23:48:14,806 - INFO - 数据集已保存: dataset.json，共 241 条记录
2025-11-28 23:48:14,806 - INFO - 
============================================================
2025-11-28 23:48:14,806 - INFO - ✓ 爬取完成！
2025-11-28 23:48:14,806 - INFO -   访问页面数: 16
2025-11-28 23:48:14,806 - INFO -   下载图片数: 241
2025-11-28 23:48:14,806 - INFO -   图片保存位置: /Users/ronggang/code/funcode/cp2026/images
2025-11-28 23:48:14,806 - INFO -   数据集文件: dataset.json
2025-11-28 23:48:14,806 - INFO - ============================================================
2025-11-28 23:48:23,621 - INFO - ✓ 成功加载页面 (HTML长度: 78172 字符)
2025-11-28 23:48:23,654 - INFO - 找到 17 个图片容器
2025-11-28 23:48:24,056 - INFO - ✓ 提取图片 207: DBTL cycle in human practices....
2025-11-28 23:48:24,399 - INFO - ✓ 提取图片 208: Mendelow's Matrix....
2025-11-28 23:48:24,731 - INFO - ✓ 提取图片 209: iEMOTIONS....
2025-11-28 23:48:25,154 - INFO - ✓ 提取图片 210: Associate Chief Physician Doctor Wenjing Xie (middle), Depar...
2025-11-28 23:48:25,849 - INFO - ✓ 提取图片 211: Dr. Wenjing Xie engaging in an in-depth discussion with one ...
2025-11-28 23:48:26,179 - INFO - ✓ 提取图片 212: PhD. Wen Kai (Right) from the College of Life Sciences, Jili...
2025-11-28 23:48:26,782 - INFO - ✓ 提取图片 213: Dr. Zhenjing Jin (middle), Director of the Department of Gas...
2025-11-28 23:48:27,264 - INFO - ✓ 提取图片 214: Dr. Zhenjing Jin engaging in an in-depth discussion with one...
2025-11-28 23:48:27,759 - INFO - ✓ 提取图片 215: Associate Professor Hui Li (middle), School of Public Health...
2025-11-28 23:48:28,081 - INFO - ✓ 提取图片 216: Professor Haiqing Ye discussing with our team members....
2025-11-28 23:48:28,740 - INFO - ✓ 提取图片 217: Ms.Hao Wu (right), Chief Operating Officer (COO) and Chief Q...
2025-11-28 23:48:29,340 - INFO - ✓ 提取图片 218: Doctor Yiyin Gao (middle), Resident Physician, Department of...
2025-11-28 23:48:29,728 - INFO - ✓ 提取图片 219: Dr. Yiyin Gao engaging in an in-depth discussion with one of...
2025-11-28 23:48:30,127 - INFO - ✓ 提取图片 220: Prof. Hongjia Ma (right), School of Business and Management,...
2025-11-28 23:48:30,475 - INFO - ✓ 提取图片 221: Stacked Bar Chart of Basic Information....
2025-11-28 23:48:30,986 - INFO - ✓ 提取图片 222: Runway Chart (Left: Types of Purchased Products; Right: Purc...
2025-11-28 23:48:31,382 - INFO - ✓ 提取图片 223: SHAP Value Beeswarm Plot....
2025-11-28 23:48:33,391 - INFO - 
[12/16] 处理页面: https://2025.igem.wiki/jlu-cp/contribution
2025-11-28 23:48:33,391 - INFO - 正在加载页面: https://2025.igem.wiki/jlu-cp/contribution
2025-11-28 23:48:43,374 - INFO - ✓ 成功加载页面 (HTML长度: 36546 字符)
2025-11-28 23:48:43,406 - INFO - 找到 8 个图片容器
2025-11-28 23:48:43,931 - INFO - ✓ 提取图片 224: Figure 1. Schematic diagram of the melatonin biosynthetic pa...
2025-11-28 23:48:44,406 - INFO - ✓ 提取图片 225: Figure 2.Construction and validation of melatonin synthesis ...
2025-11-28 23:48:44,949 - INFO - ✓ 提取图片 226: Figure 3. Schematic of the Computational Modeling Workflow...
2025-11-28 23:48:45,350 - INFO - ✓ 提取图片 227: Figure 4. Flowchart of the pharmacokinetic model for space a...
2025-11-28 23:48:45,699 - INFO - ✓ 提取图片 228: Figure 5. A.Relative catalytic activity of wild-type and mut...
2025-11-28 23:48:46,167 - INFO - ✓ 提取图片 229: Figure 6.Functional Diagram of the Acoustic System....
2025-11-28 23:48:46,814 - INFO - ✓ 提取图片 230: Figure 7. Interface or conceptual diagram of the iTutor mode...
2025-11-28 23:48:47,474 - INFO - ✓ 提取图片 231: Figure 8. A scene from our space-themed science popularizati...
2025-11-28 23:48:49,483 - INFO - 
[13/16] 处理页面: https://2025.igem.wiki/jlu-cp/model
2025-11-28 23:48:49,483 - INFO - 正在加载页面: https://2025.igem.wiki/jlu-cp/model
2025-11-28 23:49:13,236 - INFO - ✓ 成功加载页面 (HTML长度: 24054 字符)
2025-11-28 23:49:13,266 - INFO - 找到 1 个图片容器
2025-11-28 23:49:14,302 - INFO - ✓ 提取图片 232: Melatonin production prediction for duty cycle 0.50...
2025-11-28 23:49:16,312 - INFO - 
[14/16] 处理页面: https://2025.igem.wiki/jlu-cp/implementation
2025-11-28 23:49:16,312 - INFO - 正在加载页面: https://2025.igem.wiki/jlu-cp/implementation
2025-11-28 23:49:42,281 - INFO - ✓ 成功加载页面 (HTML长度: 8290 字符)
2025-11-28 23:49:42,316 - INFO - 找到 3 个图片容器
2025-11-28 23:49:42,699 - INFO - ✓ 提取图片 233: College of Computer Science and Technology...
2025-11-28 23:49:43,103 - INFO - ✓ 提取图片 234: College of Computer Science and Technology...
2025-11-28 23:49:43,516 - INFO - ✓ 提取图片 235: College of Computer Science and Technology...
2025-11-28 23:49:45,517 - INFO - 
[15/16] 处理页面: https://2025.igem.wiki/jlu-cp/proof-of-concept
2025-11-28 23:49:45,524 - INFO - 正在加载页面: https://2025.igem.wiki/jlu-cp/proof-of-concept
2025-11-28 23:50:20,804 - INFO - ✓ 成功加载页面 (HTML长度: 8290 字符)
2025-11-28 23:50:20,827 - INFO - 找到 3 个图片容器
2025-11-28 23:50:21,185 - INFO - ✓ 提取图片 236: College of Computer Science and Technology...
2025-11-28 23:50:21,556 - INFO - ✓ 提取图片 237: College of Computer Science and Technology...
2025-11-28 23:50:21,872 - INFO - ✓ 提取图片 238: College of Computer Science and Technology...
2025-11-28 23:50:23,882 - INFO - 
[16/16] 处理页面: https://2025.igem.wiki/jlu-cp/parts
2025-11-28 23:50:23,882 - INFO - 正在加载页面: https://2025.igem.wiki/jlu-cp/parts
2025-11-28 23:50:59,848 - INFO - ✓ 成功加载页面 (HTML长度: 18233 字符)
2025-11-28 23:50:59,884 - INFO - 找到 3 个图片容器
2025-11-28 23:51:00,264 - INFO - ✓ 提取图片 239: College of Computer Science and Technology...
2025-11-28 23:51:00,592 - INFO - ✓ 提取图片 240: College of Computer Science and Technology...
2025-11-28 23:51:00,968 - INFO - ✓ 提取图片 241: College of Computer Science and Technology...
2025-11-28 23:51:00,968 - INFO - 数据集已保存: dataset.json，共 241 条记录
2025-11-28 23:51:00,968 - INFO - 
============================================================
2025-11-28 23:51:00,968 - INFO - ✓ 爬取完成！
2025-11-28 23:51:00,968 - INFO -   访问页面数: 16
2025-11-28 23:51:00,968 - INFO -   下载图片数: 241
2025-11-28 23:51:00,969 - INFO -   图片保存位置: /Users/ronggang/code/funcode/cp2026/images
2025-11-28 23:51:00,969 - INFO -   数据集文件: dataset.json
2025-11-28 23:51:00,969 - INFO - ============================================================
